<?xml version="1.0" encoding="UTF-8"?>
<robot generator="Robot 3.1.2 (Python 3.7.4 on win32)" generated="20200617 16:11:17.569" rpa="false">
<suite id="s1" name="Test2" source="C:\Users\watsa\workshop-sqa-inet\test2.robot">
<test id="s1-t1" name="TC01">
<kw name="Open Browser" library="SeleniumLibrary">
<doc>Opens a new browser instance to the optional ``url``.</doc>
<arguments>
<arg>https://www.google.com/</arg>
<arg>Chrome</arg>
</arguments>
<msg timestamp="20200617 16:11:17.753" level="INFO">Opening browser 'Chrome' to base url 'https://www.google.com/'.</msg>
<kw name="Capture Page Screenshot" library="SeleniumLibrary">
<doc>Takes a screenshot of the current page and embeds it into a log file.</doc>
<msg timestamp="20200617 16:11:21.018" level="INFO">Cannot capture screenshot because no browser is open.</msg>
<status status="PASS" starttime="20200617 16:11:21.017" endtime="20200617 16:11:21.018"></status>
</kw>
<msg timestamp="20200617 16:11:21.026" level="FAIL">SessionNotCreatedException: Message: session not created: This version of ChromeDriver only supports Chrome version 79
</msg>
<status status="FAIL" starttime="20200617 16:11:17.753" endtime="20200617 16:11:21.026"></status>
</kw>
<status status="FAIL" starttime="20200617 16:11:17.752" endtime="20200617 16:11:21.028" critical="yes">SessionNotCreatedException: Message: session not created: This version of ChromeDriver only supports Chrome version 79
</status>
</test>
<status status="FAIL" starttime="20200617 16:11:17.571" endtime="20200617 16:11:21.034"></status>
</suite>
<statistics>
<total>
<stat pass="0" fail="1">Critical Tests</stat>
<stat pass="0" fail="1">All Tests</stat>
</total>
<tag>
</tag>
<suite>
<stat pass="0" fail="1" id="s1" name="Test2">Test2</stat>
</suite>
</statistics>
<errors>
</errors>
</robot>
